<?xml version="1.0" encoding="utf-8"?>
<coverage line-rate="0.136" branch-rate="0.009399999999999999" version="1.9" timestamp="1767323817" lines-covered="184" lines-valid="1352" branches-covered="4" branches-valid="424">
  <sources>
    <source>C:\Users\khanj\Projects\gig-logger\amplify\backend\function\GigRaptorService\src\GigRaptorService\</source>
  </sources>
  <packages>
    <package name="GigRaptorService" line-rate="0.136" branch-rate="0.009399999999999999" complexity="557">
      <classes>
        <class name="FeatureFlags" filename="Helpers\FeatureFlags.cs" line-rate="1" branch-rate="1" complexity="1">
          <methods>
            <method name="IsRateLimitingEnabled" signature="(Microsoft.Extensions.Configuration.IConfiguration)" line-rate="1" branch-rate="1" complexity="1">
              <lines>
                <line number="4" hits="3" branch="False" />
              </lines>
            </method>
          </methods>
          <lines>
            <line number="4" hits="3" branch="False" />
          </lines>
        </class>
        <class name="GigRaptorService.LambdaEntryPoint" filename="LambdaEntryPoint.cs" line-rate="1" branch-rate="1" complexity="2">
          <methods>
            <method name="Init" signature="(Microsoft.AspNetCore.Hosting.IWebHostBuilder)" line-rate="1" branch-rate="1" complexity="1">
              <lines>
                <line number="31" hits="1" branch="False" />
                <line number="32" hits="1" branch="False" />
                <line number="33" hits="1" branch="False" />
              </lines>
            </method>
            <method name="Init" signature="(Microsoft.Extensions.Hosting.IHostBuilder)" line-rate="1" branch-rate="1" complexity="1">
              <lines>
                <line number="44" hits="1" branch="False" />
              </lines>
            </method>
          </methods>
          <lines>
            <line number="31" hits="1" branch="False" />
            <line number="32" hits="1" branch="False" />
            <line number="33" hits="1" branch="False" />
            <line number="44" hits="1" branch="False" />
          </lines>
        </class>
        <class name="GigRaptorService.LocalEntryPoint" filename="LocalEntryPoint.cs" line-rate="0" branch-rate="1" complexity="2">
          <methods>
            <method name="Main" signature="(System.String[])" line-rate="0" branch-rate="1" complexity="1">
              <lines>
                <line number="10" hits="0" branch="False" />
                <line number="11" hits="0" branch="False" />
              </lines>
            </method>
            <method name="CreateHostBuilder" signature="(System.String[])" line-rate="0" branch-rate="1" complexity="1">
              <lines>
                <line number="14" hits="0" branch="False" />
                <line number="15" hits="0" branch="False" />
                <line number="16" hits="0" branch="False" />
                <line number="17" hits="0" branch="False" />
                <line number="18" hits="0" branch="False" />
              </lines>
            </method>
          </methods>
          <lines>
            <line number="10" hits="0" branch="False" />
            <line number="11" hits="0" branch="False" />
            <line number="14" hits="0" branch="False" />
            <line number="15" hits="0" branch="False" />
            <line number="16" hits="0" branch="False" />
            <line number="17" hits="0" branch="False" />
            <line number="18" hits="0" branch="False" />
          </lines>
        </class>
        <class name="GigRaptorService.Startup" filename="Startup.cs" line-rate="0.8037000000000001" branch-rate="0.5" complexity="8">
          <methods>
            <method name="get_Configuration" signature="()" line-rate="1" branch-rate="1" complexity="1">
              <lines>
                <line number="19" hits="1" branch="False" />
              </lines>
            </method>
            <method name="ConfigureServices" signature="(Microsoft.Extensions.DependencyInjection.IServiceCollection)" line-rate="0.7816" branch-rate="0.5" complexity="4">
              <lines>
                <line number="23" hits="1" branch="False" />
                <line number="24" hits="1" branch="False" />
                <line number="25" hits="1" branch="False" />
                <line number="26" hits="1" branch="False" />
                <line number="27" hits="1" branch="False" />
                <line number="28" hits="1" branch="False" />
                <line number="29" hits="1" branch="False" />
                <line number="31" hits="1" branch="False" />
                <line number="32" hits="1" branch="False" />
                <line number="33" hits="1" branch="True" condition-coverage="100% (2/2)">
                  <conditions>
                    <condition number="13" type="jump" coverage="100%" />
                  </conditions>
                </line>
                <line number="34" hits="1" branch="False" />
                <line number="35" hits="1" branch="False" />
                <line number="36" hits="1" branch="False" />
                <line number="37" hits="1" branch="False" />
                <line number="38" hits="1" branch="False" />
                <line number="39" hits="1" branch="False" />
                <line number="40" hits="1" branch="False" />
                <line number="41" hits="1" branch="False" />
                <line number="42" hits="1" branch="False" />
                <line number="43" hits="1" branch="False" />
                <line number="44" hits="1" branch="False" />
                <line number="45" hits="1" branch="False" />
                <line number="46" hits="1" branch="False" />
                <line number="47" hits="1" branch="False" />
                <line number="48" hits="2" branch="False" />
                <line number="49" hits="2" branch="False" />
                <line number="52" hits="1" branch="False" />
                <line number="53" hits="1" branch="False" />
                <line number="54" hits="1" branch="False" />
                <line number="55" hits="1" branch="False" />
                <line number="56" hits="1" branch="False" />
                <line number="57" hits="1" branch="False" />
                <line number="58" hits="1" branch="False" />
                <line number="59" hits="2" branch="False" />
                <line number="61" hits="1" branch="False" />
                <line number="62" hits="1" branch="False" />
                <line number="63" hits="1" branch="False" />
                <line number="64" hits="2" branch="False" />
                <line number="65" hits="1" branch="False" />
                <line number="66" hits="1" branch="False" />
                <line number="67" hits="1" branch="False" />
                <line number="68" hits="2" branch="False" />
                <line number="70" hits="1" branch="False" />
                <line number="71" hits="1" branch="False" />
                <line number="74" hits="1" branch="False" />
                <line number="77" hits="1" branch="False" />
                <line number="80" hits="1" branch="False" />
                <line number="83" hits="1" branch="False" />
                <line number="84" hits="1" branch="False" />
                <line number="85" hits="0" branch="False" />
                <line number="86" hits="0" branch="False" />
                <line number="87" hits="1" branch="False" />
                <line number="89" hits="1" branch="False" />
                <line number="93" hits="1" branch="False" />
                <line number="96" hits="1" branch="False" />
                <line number="99" hits="1" branch="False" />
                <line number="102" hits="1" branch="False" />
                <line number="103" hits="1" branch="False" />
                <line number="104" hits="0" branch="False" />
                <line number="105" hits="0" branch="False" />
                <line number="106" hits="0" branch="False" />
                <line number="107" hits="0" branch="False" />
                <line number="108" hits="0" branch="False" />
                <line number="109" hits="0" branch="False" />
                <line number="110" hits="1" branch="False" />
                <line number="113" hits="1" branch="False" />
                <line number="114" hits="0" branch="True" condition-coverage="0% (0/2)">
                  <conditions>
                    <condition number="6" type="jump" coverage="0%" />
                  </conditions>
                </line>
                <line number="115" hits="0" branch="False" />
                <line number="116" hits="0" branch="False" />
                <line number="117" hits="0" branch="False" />
                <line number="118" hits="0" branch="False" />
                <line number="119" hits="0" branch="False" />
                <line number="120" hits="0" branch="False" />
                <line number="121" hits="1" branch="False" />
                <line number="124" hits="1" branch="False" />
                <line number="125" hits="0" branch="False" />
                <line number="126" hits="0" branch="False" />
                <line number="127" hits="0" branch="False" />
                <line number="128" hits="0" branch="False" />
                <line number="129" hits="1" branch="False" />
                <line number="132" hits="1" branch="False" />
                <line number="135" hits="1" branch="False" />
                <line number="136" hits="1" branch="False" />
                <line number="137" hits="1" branch="False" />
                <line number="138" hits="1" branch="False" />
                <line number="139" hits="2" branch="False" />
                <line number="140" hits="1" branch="False" />
              </lines>
            </method>
            <method name="Configure" signature="(Microsoft.AspNetCore.Builder.IApplicationBuilder,Microsoft.AspNetCore.Hosting.IWebHostEnvironment)" line-rate="0.875" branch-rate="0.5" complexity="2">
              <lines>
                <line number="144" hits="1" branch="True" condition-coverage="50% (1/2)">
                  <conditions>
                    <condition number="6" type="jump" coverage="50%" />
                  </conditions>
                </line>
                <line number="146" hits="0" branch="False" />
                <line number="149" hits="1" branch="False" />
                <line number="150" hits="1" branch="False" />
                <line number="151" hits="1" branch="False" />
                <line number="152" hits="1" branch="False" />
                <line number="155" hits="1" branch="False" />
                <line number="158" hits="1" branch="False" />
                <line number="159" hits="0" branch="False" />
                <line number="160" hits="1" branch="False" />
                <line number="161" hits="1" branch="False" />
                <line number="163" hits="1" branch="False" />
                <line number="164" hits="1" branch="False" />
                <line number="165" hits="1" branch="False" />
                <line number="166" hits="2" branch="False" />
                <line number="167" hits="1" branch="False" />
              </lines>
            </method>
            <method name=".ctor" signature="(Microsoft.Extensions.Configuration.IConfiguration)" line-rate="1" branch-rate="1" complexity="1">
              <lines>
                <line number="14" hits="2" branch="False" />
                <line number="16" hits="2" branch="False" />
                <line number="17" hits="2" branch="False" />
              </lines>
            </method>
          </methods>
          <lines>
            <line number="19" hits="1" branch="False" />
            <line number="23" hits="1" branch="False" />
            <line number="24" hits="1" branch="False" />
            <line number="25" hits="1" branch="False" />
            <line number="26" hits="1" branch="False" />
            <line number="27" hits="1" branch="False" />
            <line number="28" hits="1" branch="False" />
            <line number="29" hits="1" branch="False" />
            <line number="31" hits="1" branch="False" />
            <line number="32" hits="1" branch="False" />
            <line number="33" hits="1" branch="True" condition-coverage="100% (2/2)">
              <conditions>
                <condition number="13" type="jump" coverage="100%" />
              </conditions>
            </line>
            <line number="34" hits="1" branch="False" />
            <line number="35" hits="1" branch="False" />
            <line number="36" hits="1" branch="False" />
            <line number="37" hits="1" branch="False" />
            <line number="38" hits="1" branch="False" />
            <line number="39" hits="1" branch="False" />
            <line number="40" hits="1" branch="False" />
            <line number="41" hits="1" branch="False" />
            <line number="42" hits="1" branch="False" />
            <line number="43" hits="1" branch="False" />
            <line number="44" hits="1" branch="False" />
            <line number="45" hits="1" branch="False" />
            <line number="46" hits="1" branch="False" />
            <line number="47" hits="1" branch="False" />
            <line number="48" hits="2" branch="False" />
            <line number="49" hits="2" branch="False" />
            <line number="52" hits="1" branch="False" />
            <line number="53" hits="1" branch="False" />
            <line number="54" hits="1" branch="False" />
            <line number="55" hits="1" branch="False" />
            <line number="56" hits="1" branch="False" />
            <line number="57" hits="1" branch="False" />
            <line number="58" hits="1" branch="False" />
            <line number="59" hits="2" branch="False" />
            <line number="61" hits="1" branch="False" />
            <line number="62" hits="1" branch="False" />
            <line number="63" hits="1" branch="False" />
            <line number="64" hits="2" branch="False" />
            <line number="65" hits="1" branch="False" />
            <line number="66" hits="1" branch="False" />
            <line number="67" hits="1" branch="False" />
            <line number="68" hits="2" branch="False" />
            <line number="70" hits="1" branch="False" />
            <line number="71" hits="1" branch="False" />
            <line number="74" hits="1" branch="False" />
            <line number="77" hits="1" branch="False" />
            <line number="80" hits="1" branch="False" />
            <line number="83" hits="1" branch="False" />
            <line number="84" hits="1" branch="False" />
            <line number="85" hits="0" branch="False" />
            <line number="86" hits="0" branch="False" />
            <line number="87" hits="1" branch="False" />
            <line number="89" hits="1" branch="False" />
            <line number="93" hits="1" branch="False" />
            <line number="96" hits="1" branch="False" />
            <line number="99" hits="1" branch="False" />
            <line number="102" hits="1" branch="False" />
            <line number="103" hits="1" branch="False" />
            <line number="104" hits="0" branch="False" />
            <line number="105" hits="0" branch="False" />
            <line number="106" hits="0" branch="False" />
            <line number="107" hits="0" branch="False" />
            <line number="108" hits="0" branch="False" />
            <line number="109" hits="0" branch="False" />
            <line number="110" hits="1" branch="False" />
            <line number="113" hits="1" branch="False" />
            <line number="114" hits="0" branch="True" condition-coverage="0% (0/2)">
              <conditions>
                <condition number="6" type="jump" coverage="0%" />
              </conditions>
            </line>
            <line number="115" hits="0" branch="False" />
            <line number="116" hits="0" branch="False" />
            <line number="117" hits="0" branch="False" />
            <line number="118" hits="0" branch="False" />
            <line number="119" hits="0" branch="False" />
            <line number="120" hits="0" branch="False" />
            <line number="121" hits="1" branch="False" />
            <line number="124" hits="1" branch="False" />
            <line number="125" hits="0" branch="False" />
            <line number="126" hits="0" branch="False" />
            <line number="127" hits="0" branch="False" />
            <line number="128" hits="0" branch="False" />
            <line number="129" hits="1" branch="False" />
            <line number="132" hits="1" branch="False" />
            <line number="135" hits="1" branch="False" />
            <line number="136" hits="1" branch="False" />
            <line number="137" hits="1" branch="False" />
            <line number="138" hits="1" branch="False" />
            <line number="139" hits="2" branch="False" />
            <line number="140" hits="1" branch="False" />
            <line number="144" hits="1" branch="True" condition-coverage="50% (1/2)">
              <conditions>
                <condition number="6" type="jump" coverage="50%" />
              </conditions>
            </line>
            <line number="146" hits="0" branch="False" />
            <line number="149" hits="1" branch="False" />
            <line number="150" hits="1" branch="False" />
            <line number="151" hits="1" branch="False" />
            <line number="152" hits="1" branch="False" />
            <line number="155" hits="1" branch="False" />
            <line number="158" hits="1" branch="False" />
            <line number="159" hits="0" branch="False" />
            <line number="160" hits="1" branch="False" />
            <line number="161" hits="1" branch="False" />
            <line number="163" hits="1" branch="False" />
            <line number="164" hits="1" branch="False" />
            <line number="165" hits="1" branch="False" />
            <line number="166" hits="2" branch="False" />
            <line number="167" hits="1" branch="False" />
            <line number="14" hits="2" branch="False" />
            <line number="16" hits="2" branch="False" />
            <line number="17" hits="2" branch="False" />
          </lines>
        </class>
        <class name="GigRaptorService.Services.GoogleOAuthService" filename="Services\GoogleOAuthService.cs" line-rate="0" branch-rate="1" complexity="1">
          <methods>
            <method name=".ctor" signature="(Microsoft.Extensions.Configuration.IConfiguration,System.Net.Http.IHttpClientFactory)" line-rate="0" branch-rate="1" complexity="1">
              <lines>
                <line number="11" hits="0" branch="False" />
                <line number="13" hits="0" branch="False" />
                <line number="14" hits="0" branch="False" />
                <line number="15" hits="0" branch="False" />
              </lines>
            </method>
          </methods>
          <lines>
            <line number="11" hits="0" branch="False" />
            <line number="13" hits="0" branch="False" />
            <line number="14" hits="0" branch="False" />
            <line number="15" hits="0" branch="False" />
          </lines>
        </class>
        <class name="GigRaptorService.Services.GoogleOAuthService/&lt;ExchangeAuthCodeForTokensAsync&gt;d__4" filename="Services\GoogleOAuthService.cs" line-rate="0" branch-rate="0" complexity="2">
          <methods>
            <method name="MoveNext" signature="()" line-rate="0" branch-rate="0" complexity="2">
              <lines>
                <line number="44" hits="0" branch="False" />
                <line number="45" hits="0" branch="False" />
                <line number="46" hits="0" branch="False" />
                <line number="48" hits="0" branch="False" />
                <line number="49" hits="0" branch="False" />
                <line number="50" hits="0" branch="False" />
                <line number="51" hits="0" branch="False" />
                <line number="52" hits="0" branch="False" />
                <line number="53" hits="0" branch="False" />
                <line number="54" hits="0" branch="False" />
                <line number="55" hits="0" branch="False" />
                <line number="56" hits="0" branch="False" />
                <line number="58" hits="0" branch="False" />
                <line number="59" hits="0" branch="False" />
                <line number="60" hits="0" branch="False" />
                <line number="62" hits="0" branch="True" condition-coverage="0% (0/2)">
                  <conditions>
                    <condition number="302" type="jump" coverage="0%" />
                  </conditions>
                </line>
                <line number="63" hits="0" branch="False" />
                <line number="65" hits="0" branch="False" />
                <line number="66" hits="0" branch="False" />
                <line number="67" hits="0" branch="False" />
              </lines>
            </method>
          </methods>
          <lines>
            <line number="44" hits="0" branch="False" />
            <line number="45" hits="0" branch="False" />
            <line number="46" hits="0" branch="False" />
            <line number="48" hits="0" branch="False" />
            <line number="49" hits="0" branch="False" />
            <line number="50" hits="0" branch="False" />
            <line number="51" hits="0" branch="False" />
            <line number="52" hits="0" branch="False" />
            <line number="53" hits="0" branch="False" />
            <line number="54" hits="0" branch="False" />
            <line number="55" hits="0" branch="False" />
            <line number="56" hits="0" branch="False" />
            <line number="58" hits="0" branch="False" />
            <line number="59" hits="0" branch="False" />
            <line number="60" hits="0" branch="False" />
            <line number="62" hits="0" branch="True" condition-coverage="0% (0/2)">
              <conditions>
                <condition number="302" type="jump" coverage="0%" />
              </conditions>
            </line>
            <line number="63" hits="0" branch="False" />
            <line number="65" hits="0" branch="False" />
            <line number="66" hits="0" branch="False" />
            <line number="67" hits="0" branch="False" />
          </lines>
        </class>
        <class name="GigRaptorService.Services.GoogleOAuthService/&lt;RefreshAccessTokenAsync&gt;d__3" filename="Services\GoogleOAuthService.cs" line-rate="0" branch-rate="0" complexity="2">
          <methods>
            <method name="MoveNext" signature="()" line-rate="0" branch-rate="0" complexity="2">
              <lines>
                <line number="19" hits="0" branch="False" />
                <line number="20" hits="0" branch="False" />
                <line number="21" hits="0" branch="False" />
                <line number="23" hits="0" branch="False" />
                <line number="24" hits="0" branch="False" />
                <line number="25" hits="0" branch="False" />
                <line number="26" hits="0" branch="False" />
                <line number="27" hits="0" branch="False" />
                <line number="28" hits="0" branch="False" />
                <line number="29" hits="0" branch="False" />
                <line number="31" hits="0" branch="False" />
                <line number="32" hits="0" branch="False" />
                <line number="33" hits="0" branch="False" />
                <line number="35" hits="0" branch="True" condition-coverage="0% (0/2)">
                  <conditions>
                    <condition number="268" type="jump" coverage="0%" />
                  </conditions>
                </line>
                <line number="36" hits="0" branch="False" />
                <line number="38" hits="0" branch="False" />
                <line number="39" hits="0" branch="False" />
                <line number="40" hits="0" branch="False" />
              </lines>
            </method>
          </methods>
          <lines>
            <line number="19" hits="0" branch="False" />
            <line number="20" hits="0" branch="False" />
            <line number="21" hits="0" branch="False" />
            <line number="23" hits="0" branch="False" />
            <line number="24" hits="0" branch="False" />
            <line number="25" hits="0" branch="False" />
            <line number="26" hits="0" branch="False" />
            <line number="27" hits="0" branch="False" />
            <line number="28" hits="0" branch="False" />
            <line number="29" hits="0" branch="False" />
            <line number="31" hits="0" branch="False" />
            <line number="32" hits="0" branch="False" />
            <line number="33" hits="0" branch="False" />
            <line number="35" hits="0" branch="True" condition-coverage="0% (0/2)">
              <conditions>
                <condition number="268" type="jump" coverage="0%" />
              </conditions>
            </line>
            <line number="36" hits="0" branch="False" />
            <line number="38" hits="0" branch="False" />
            <line number="39" hits="0" branch="False" />
            <line number="40" hits="0" branch="False" />
          </lines>
        </class>
        <class name="GigRaptorService.Services.GoogleOAuthService/&lt;RequestGoogleTokenAsync&gt;d__5" filename="Services\GoogleOAuthService.cs" line-rate="0" branch-rate="0" complexity="4">
          <methods>
            <method name="MoveNext" signature="()" line-rate="0" branch-rate="0" complexity="4">
              <lines>
                <line number="72" hits="0" branch="False" />
                <line number="73" hits="0" branch="False" />
                <line number="75" hits="0" branch="False" />
                <line number="77" hits="0" branch="True" condition-coverage="0% (0/2)">
                  <conditions>
                    <condition number="171" type="jump" coverage="0%" />
                  </conditions>
                </line>
                <line number="79" hits="0" branch="False" />
                <line number="80" hits="0" branch="False" />
                <line number="83" hits="0" branch="False" />
                <line number="84" hits="0" branch="False" />
                <line number="86" hits="0" branch="True" condition-coverage="0% (0/2)">
                  <conditions>
                    <condition number="412" type="jump" coverage="0%" />
                  </conditions>
                </line>
                <line number="87" hits="0" branch="False" />
                <line number="89" hits="0" branch="False" />
                <line number="90" hits="0" branch="False" />
              </lines>
            </method>
          </methods>
          <lines>
            <line number="72" hits="0" branch="False" />
            <line number="73" hits="0" branch="False" />
            <line number="75" hits="0" branch="False" />
            <line number="77" hits="0" branch="True" condition-coverage="0% (0/2)">
              <conditions>
                <condition number="171" type="jump" coverage="0%" />
              </conditions>
            </line>
            <line number="79" hits="0" branch="False" />
            <line number="80" hits="0" branch="False" />
            <line number="83" hits="0" branch="False" />
            <line number="84" hits="0" branch="False" />
            <line number="86" hits="0" branch="True" condition-coverage="0% (0/2)">
              <conditions>
                <condition number="412" type="jump" coverage="0%" />
              </conditions>
            </line>
            <line number="87" hits="0" branch="False" />
            <line number="89" hits="0" branch="False" />
            <line number="90" hits="0" branch="False" />
          </lines>
        </class>
        <class name="GigRaptorService.Services.GooglePlacesService" filename="Services\GooglePlacesService.cs" line-rate="0" branch-rate="0" complexity="2">
          <methods>
            <method name=".ctor" signature="(System.Net.Http.HttpClient,Microsoft.Extensions.Configuration.IConfiguration,GigRaptorService.Business.DynamoDbRateLimiter,Microsoft.Extensions.Logging.ILogger`1&lt;GigRaptorService.Services.GooglePlacesService&gt;)" line-rate="0" branch-rate="0" complexity="2">
              <lines>
                <line number="22" hits="0" branch="False" />
                <line number="23" hits="0" branch="False" />
                <line number="24" hits="0" branch="False" />
                <line number="25" hits="0" branch="False" />
                <line number="26" hits="0" branch="False" />
                <line number="28" hits="0" branch="False" />
                <line number="29" hits="0" branch="False" />
                <line number="30" hits="0" branch="False" />
                <line number="31" hits="0" branch="False" />
                <line number="32" hits="0" branch="True" condition-coverage="0% (0/2)">
                  <conditions>
                    <condition number="53" type="jump" coverage="0%" />
                  </conditions>
                </line>
                <line number="33" hits="0" branch="False" />
              </lines>
            </method>
          </methods>
          <lines>
            <line number="22" hits="0" branch="False" />
            <line number="23" hits="0" branch="False" />
            <line number="24" hits="0" branch="False" />
            <line number="25" hits="0" branch="False" />
            <line number="26" hits="0" branch="False" />
            <line number="28" hits="0" branch="False" />
            <line number="29" hits="0" branch="False" />
            <line number="30" hits="0" branch="False" />
            <line number="31" hits="0" branch="False" />
            <line number="32" hits="0" branch="True" condition-coverage="0% (0/2)">
              <conditions>
                <condition number="53" type="jump" coverage="0%" />
              </conditions>
            </line>
            <line number="33" hits="0" branch="False" />
          </lines>
        </class>
        <class name="GigRaptorService.Services.GooglePlacesService/&lt;&gt;c" filename="Services\GooglePlacesService.cs" line-rate="0" branch-rate="0" complexity="6">
          <methods>
            <method name="&lt;GetPlaceDetailsAsync&gt;b__7_0" signature="(GigRaptorService.Services.AddressComponent)" line-rate="0" branch-rate="0" complexity="6">
              <lines>
                <line number="191" hits="0" branch="True" condition-coverage="0% (0/6)">
                  <conditions>
                    <condition number="13" type="jump" coverage="0%" />
                    <condition number="34" type="jump" coverage="0%" />
                    <condition number="55" type="jump" coverage="0%" />
                  </conditions>
                </line>
                <line number="192" hits="0" branch="False" />
                <line number="193" hits="0" branch="False" />
                <line number="194" hits="0" branch="False" />
                <line number="195" hits="0" branch="False" />
                <line number="196" hits="0" branch="False" />
              </lines>
            </method>
          </methods>
          <lines>
            <line number="191" hits="0" branch="True" condition-coverage="0% (0/6)">
              <conditions>
                <condition number="13" type="jump" coverage="0%" />
                <condition number="34" type="jump" coverage="0%" />
                <condition number="55" type="jump" coverage="0%" />
              </conditions>
            </line>
            <line number="192" hits="0" branch="False" />
            <line number="193" hits="0" branch="False" />
            <line number="194" hits="0" branch="False" />
            <line number="195" hits="0" branch="False" />
            <line number="196" hits="0" branch="False" />
          </lines>
        </class>
        <class name="GigRaptorService.Services.GooglePlacesService/&lt;GetAutocompleteAsync&gt;d__6" filename="Services\GooglePlacesService.cs" line-rate="0" branch-rate="0" complexity="38">
          <methods>
            <method name="MoveNext" signature="()" line-rate="0" branch-rate="0" complexity="38">
              <lines>
                <line number="38" hits="0" branch="True" condition-coverage="0% (0/6)">
                  <conditions>
                    <condition number="21" type="jump" coverage="0%" />
                    <condition number="43" type="jump" coverage="0%" />
                    <condition number="161" type="jump" coverage="0%" />
                  </conditions>
                </line>
                <line number="40" hits="0" branch="False" />
                <line number="46" hits="0" branch="False" />
                <line number="50" hits="0" branch="True" condition-coverage="0% (0/4)">
                  <conditions>
                    <condition number="218" type="jump" coverage="0%" />
                    <condition number="231" type="jump" coverage="0%" />
                  </conditions>
                </line>
                <line number="53" hits="0" branch="False" />
                <line number="54" hits="0" branch="False" />
                <line number="55" hits="0" branch="False" />
                <line number="56" hits="0" branch="False" />
                <line number="57" hits="0" branch="False" />
                <line number="58" hits="0" branch="False" />
                <line number="59" hits="0" branch="False" />
                <line number="60" hits="0" branch="False" />
                <line number="65" hits="0" branch="False" />
                <line number="66" hits="0" branch="False" />
                <line number="67" hits="0" branch="False" />
                <line number="68" hits="0" branch="False" />
                <line number="69" hits="0" branch="False" />
                <line number="70" hits="0" branch="False" />
                <line number="71" hits="0" branch="False" />
                <line number="72" hits="0" branch="False" />
                <line number="75" hits="0" branch="False" />
                <line number="76" hits="0" branch="False" />
                <line number="77" hits="0" branch="False" />
                <line number="78" hits="0" branch="False" />
                <line number="79" hits="0" branch="False" />
                <line number="80" hits="0" branch="False" />
                <line number="81" hits="0" branch="False" />
                <line number="82" hits="0" branch="False" />
                <line number="84" hits="0" branch="False" />
                <line number="85" hits="0" branch="True" condition-coverage="0% (0/2)">
                  <conditions>
                    <condition number="372" type="jump" coverage="0%" />
                  </conditions>
                </line>
                <line number="87" hits="0" branch="False" />
                <line number="88" hits="0" branch="False" />
                <line number="89" hits="0" branch="False" />
                <line number="90" hits="0" branch="False" />
                <line number="93" hits="0" branch="False" />
                <line number="94" hits="0" branch="False" />
                <line number="95" hits="0" branch="False" />
                <line number="96" hits="0" branch="False" />
                <line number="97" hits="0" branch="False" />
                <line number="98" hits="0" branch="False" />
                <line number="100" hits="0" branch="False" />
                <line number="101" hits="0" branch="False" />
                <line number="103" hits="0" branch="True" condition-coverage="0% (0/2)">
                  <conditions>
                    <condition number="729" type="jump" coverage="0%" />
                  </conditions>
                </line>
                <line number="105" hits="0" branch="True" condition-coverage="0% (0/2)">
                  <conditions>
                    <condition number="741" type="jump" coverage="0%" />
                  </conditions>
                </line>
                <line number="106" hits="0" branch="False" />
                <line number="109" hits="0" branch="False" />
                <line number="111" hits="0" branch="True" condition-coverage="0% (0/4)">
                  <conditions>
                    <condition number="893" type="jump" coverage="0%" />
                    <condition number="905" type="jump" coverage="0%" />
                  </conditions>
                </line>
                <line number="113" hits="0" branch="True" condition-coverage="0% (0/2)">
                  <conditions>
                    <condition number="914" type="jump" coverage="0%" />
                  </conditions>
                </line>
                <line number="114" hits="0" branch="False" />
                <line number="117" hits="0" branch="False" />
                <line number="119" hits="0" branch="True" condition-coverage="0% (0/2)">
                  <conditions>
                    <condition number="1132" type="jump" coverage="0%" />
                  </conditions>
                </line>
                <line number="121" hits="0" branch="True" condition-coverage="0% (0/6)">
                  <conditions>
                    <condition number="992" type="jump" coverage="0%" />
                    <condition number="1005" type="jump" coverage="0%" />
                    <condition number="1016" type="jump" coverage="0%" />
                  </conditions>
                </line>
                <line number="123" hits="0" branch="True" condition-coverage="0% (0/2)">
                  <conditions>
                    <condition number="1052" type="jump" coverage="0%" />
                  </conditions>
                </line>
                <line number="124" hits="0" branch="False" />
                <line number="125" hits="0" branch="False" />
                <line number="126" hits="0" branch="False" />
                <line number="127" hits="0" branch="False" />
                <line number="128" hits="0" branch="False" />
                <line number="129" hits="0" branch="False" />
                <line number="130" hits="0" branch="False" />
                <line number="131" hits="0" branch="False" />
                <line number="132" hits="0" branch="False" />
                <line number="133" hits="0" branch="False" />
                <line number="136" hits="0" branch="True" condition-coverage="0% (0/2)">
                  <conditions>
                    <condition number="1164" type="jump" coverage="0%" />
                  </conditions>
                </line>
                <line number="137" hits="0" branch="False" />
                <line number="139" hits="0" branch="False" />
                <line number="141" hits="0" branch="True" condition-coverage="0% (0/2)">
                  <conditions>
                    <condition number="1226" type="jump" coverage="0%" />
                  </conditions>
                </line>
                <line number="142" hits="0" branch="False" />
                <line number="144" hits="0" branch="False" />
                <line number="146" hits="0" branch="True" condition-coverage="0% (0/2)">
                  <conditions>
                    <condition number="1293" type="jump" coverage="0%" />
                  </conditions>
                </line>
                <line number="147" hits="0" branch="False" />
                <line number="149" hits="0" branch="False" />
              </lines>
            </method>
          </methods>
          <lines>
            <line number="38" hits="0" branch="True" condition-coverage="0% (0/6)">
              <conditions>
                <condition number="21" type="jump" coverage="0%" />
                <condition number="43" type="jump" coverage="0%" />
                <condition number="161" type="jump" coverage="0%" />
              </conditions>
            </line>
            <line number="40" hits="0" branch="False" />
            <line number="46" hits="0" branch="False" />
            <line number="50" hits="0" branch="True" condition-coverage="0% (0/4)">
              <conditions>
                <condition number="218" type="jump" coverage="0%" />
                <condition number="231" type="jump" coverage="0%" />
              </conditions>
            </line>
            <line number="53" hits="0" branch="False" />
            <line number="54" hits="0" branch="False" />
            <line number="55" hits="0" branch="False" />
            <line number="56" hits="0" branch="False" />
            <line number="57" hits="0" branch="False" />
            <line number="58" hits="0" branch="False" />
            <line number="59" hits="0" branch="False" />
            <line number="60" hits="0" branch="False" />
            <line number="65" hits="0" branch="False" />
            <line number="66" hits="0" branch="False" />
            <line number="67" hits="0" branch="False" />
            <line number="68" hits="0" branch="False" />
            <line number="69" hits="0" branch="False" />
            <line number="70" hits="0" branch="False" />
            <line number="71" hits="0" branch="False" />
            <line number="72" hits="0" branch="False" />
            <line number="75" hits="0" branch="False" />
            <line number="76" hits="0" branch="False" />
            <line number="77" hits="0" branch="False" />
            <line number="78" hits="0" branch="False" />
            <line number="79" hits="0" branch="False" />
            <line number="80" hits="0" branch="False" />
            <line number="81" hits="0" branch="False" />
            <line number="82" hits="0" branch="False" />
            <line number="84" hits="0" branch="False" />
            <line number="85" hits="0" branch="True" condition-coverage="0% (0/2)">
              <conditions>
                <condition number="372" type="jump" coverage="0%" />
              </conditions>
            </line>
            <line number="87" hits="0" branch="False" />
            <line number="88" hits="0" branch="False" />
            <line number="89" hits="0" branch="False" />
            <line number="90" hits="0" branch="False" />
            <line number="93" hits="0" branch="False" />
            <line number="94" hits="0" branch="False" />
            <line number="95" hits="0" branch="False" />
            <line number="96" hits="0" branch="False" />
            <line number="97" hits="0" branch="False" />
            <line number="98" hits="0" branch="False" />
            <line number="100" hits="0" branch="False" />
            <line number="101" hits="0" branch="False" />
            <line number="103" hits="0" branch="True" condition-coverage="0% (0/2)">
              <conditions>
                <condition number="729" type="jump" coverage="0%" />
              </conditions>
            </line>
            <line number="105" hits="0" branch="True" condition-coverage="0% (0/2)">
              <conditions>
                <condition number="741" type="jump" coverage="0%" />
              </conditions>
            </line>
            <line number="106" hits="0" branch="False" />
            <line number="109" hits="0" branch="False" />
            <line number="111" hits="0" branch="True" condition-coverage="0% (0/4)">
              <conditions>
                <condition number="893" type="jump" coverage="0%" />
                <condition number="905" type="jump" coverage="0%" />
              </conditions>
            </line>
            <line number="113" hits="0" branch="True" condition-coverage="0% (0/2)">
              <conditions>
                <condition number="914" type="jump" coverage="0%" />
              </conditions>
            </line>
            <line number="114" hits="0" branch="False" />
            <line number="117" hits="0" branch="False" />
            <line number="119" hits="0" branch="True" condition-coverage="0% (0/2)">
              <conditions>
                <condition number="1132" type="jump" coverage="0%" />
              </conditions>
            </line>
            <line number="121" hits="0" branch="True" condition-coverage="0% (0/6)">
              <conditions>
                <condition number="992" type="jump" coverage="0%" />
                <condition number="1005" type="jump" coverage="0%" />
                <condition number="1016" type="jump" coverage="0%" />
              </conditions>
            </line>
            <line number="123" hits="0" branch="True" condition-coverage="0% (0/2)">
              <conditions>
                <condition number="1052" type="jump" coverage="0%" />
              </conditions>
            </line>
            <line number="124" hits="0" branch="False" />
            <line number="125" hits="0" branch="False" />
            <line number="126" hits="0" branch="False" />
            <line number="127" hits="0" branch="False" />
            <line number="128" hits="0" branch="False" />
            <line number="129" hits="0" branch="False" />
            <line number="130" hits="0" branch="False" />
            <line number="131" hits="0" branch="False" />
            <line number="132" hits="0" branch="False" />
            <line number="133" hits="0" branch="False" />
            <line number="136" hits="0" branch="True" condition-coverage="0% (0/2)">
              <conditions>
                <condition number="1164" type="jump" coverage="0%" />
              </conditions>
            </line>
            <line number="137" hits="0" branch="False" />
            <line number="139" hits="0" branch="False" />
            <line number="141" hits="0" branch="True" condition-coverage="0% (0/2)">
              <conditions>
                <condition number="1226" type="jump" coverage="0%" />
              </conditions>
            </line>
            <line number="142" hits="0" branch="False" />
            <line number="144" hits="0" branch="False" />
            <line number="146" hits="0" branch="True" condition-coverage="0% (0/2)">
              <conditions>
                <condition number="1293" type="jump" coverage="0%" />
              </conditions>
            </line>
            <line number="147" hits="0" branch="False" />
            <line number="149" hits="0" branch="False" />
          </lines>
        </class>
        <class name="GigRaptorService.Services.GooglePlacesService/&lt;GetPlaceDetailsAsync&gt;d__7" filename="Services\GooglePlacesService.cs" line-rate="0" branch-rate="0" complexity="28">
          <methods>
            <method name="MoveNext" signature="()" line-rate="0" branch-rate="0" complexity="28">
              <lines>
                <line number="154" hits="0" branch="True" condition-coverage="0% (0/6)">
                  <conditions>
                    <condition number="21" type="jump" coverage="0%" />
                    <condition number="43" type="jump" coverage="0%" />
                    <condition number="161" type="jump" coverage="0%" />
                  </conditions>
                </line>
                <line number="156" hits="0" branch="False" />
                <line number="162" hits="0" branch="False" />
                <line number="163" hits="0" branch="True" condition-coverage="0% (0/2)">
                  <conditions>
                    <condition number="225" type="jump" coverage="0%" />
                  </conditions>
                </line>
                <line number="165" hits="0" branch="False" />
                <line number="166" hits="0" branch="False" />
                <line number="167" hits="0" branch="False" />
                <line number="169" hits="0" branch="False" />
                <line number="170" hits="0" branch="False" />
                <line number="172" hits="0" branch="True" condition-coverage="0% (0/2)">
                  <conditions>
                    <condition number="546" type="jump" coverage="0%" />
                  </conditions>
                </line>
                <line number="174" hits="0" branch="True" condition-coverage="0% (0/2)">
                  <conditions>
                    <condition number="558" type="jump" coverage="0%" />
                  </conditions>
                </line>
                <line number="175" hits="0" branch="False" />
                <line number="178" hits="0" branch="False" />
                <line number="180" hits="0" branch="True" condition-coverage="0% (0/2)">
                  <conditions>
                    <condition number="710" type="jump" coverage="0%" />
                  </conditions>
                </line>
                <line number="182" hits="0" branch="True" condition-coverage="0% (0/2)">
                  <conditions>
                    <condition number="719" type="jump" coverage="0%" />
                  </conditions>
                </line>
                <line number="183" hits="0" branch="False" />
                <line number="186" hits="0" branch="True" condition-coverage="0% (0/6)">
                  <conditions>
                    <condition number="783" type="jump" coverage="0%" />
                    <condition number="821" type="jump" coverage="0%" />
                    <condition number="881" type="jump" coverage="0%" />
                  </conditions>
                </line>
                <line number="187" hits="0" branch="False" />
                <line number="188" hits="0" branch="False" />
                <line number="189" hits="0" branch="False" />
                <line number="190" hits="0" branch="False" />
                <line number="197" hits="0" branch="False" />
                <line number="198" hits="0" branch="False" />
                <line number="199" hits="0" branch="False" />
                <line number="200" hits="0" branch="False" />
                <line number="201" hits="0" branch="False" />
                <line number="202" hits="0" branch="False" />
                <line number="203" hits="0" branch="False" />
                <line number="204" hits="0" branch="False" />
                <line number="205" hits="0" branch="False" />
                <line number="207" hits="0" branch="True" condition-coverage="0% (0/2)">
                  <conditions>
                    <condition number="952" type="jump" coverage="0%" />
                  </conditions>
                </line>
                <line number="208" hits="0" branch="False" />
                <line number="210" hits="0" branch="False" />
                <line number="212" hits="0" branch="True" condition-coverage="0% (0/2)">
                  <conditions>
                    <condition number="1000" type="jump" coverage="0%" />
                  </conditions>
                </line>
                <line number="213" hits="0" branch="False" />
                <line number="215" hits="0" branch="False" />
                <line number="217" hits="0" branch="True" condition-coverage="0% (0/2)">
                  <conditions>
                    <condition number="1067" type="jump" coverage="0%" />
                  </conditions>
                </line>
                <line number="218" hits="0" branch="False" />
                <line number="220" hits="0" branch="False" />
              </lines>
            </method>
          </methods>
          <lines>
            <line number="154" hits="0" branch="True" condition-coverage="0% (0/6)">
              <conditions>
                <condition number="21" type="jump" coverage="0%" />
                <condition number="43" type="jump" coverage="0%" />
                <condition number="161" type="jump" coverage="0%" />
              </conditions>
            </line>
            <line number="156" hits="0" branch="False" />
            <line number="162" hits="0" branch="False" />
            <line number="163" hits="0" branch="True" condition-coverage="0% (0/2)">
              <conditions>
                <condition number="225" type="jump" coverage="0%" />
              </conditions>
            </line>
            <line number="165" hits="0" branch="False" />
            <line number="166" hits="0" branch="False" />
            <line number="167" hits="0" branch="False" />
            <line number="169" hits="0" branch="False" />
            <line number="170" hits="0" branch="False" />
            <line number="172" hits="0" branch="True" condition-coverage="0% (0/2)">
              <conditions>
                <condition number="546" type="jump" coverage="0%" />
              </conditions>
            </line>
            <line number="174" hits="0" branch="True" condition-coverage="0% (0/2)">
              <conditions>
                <condition number="558" type="jump" coverage="0%" />
              </conditions>
            </line>
            <line number="175" hits="0" branch="False" />
            <line number="178" hits="0" branch="False" />
            <line number="180" hits="0" branch="True" condition-coverage="0% (0/2)">
              <conditions>
                <condition number="710" type="jump" coverage="0%" />
              </conditions>
            </line>
            <line number="182" hits="0" branch="True" condition-coverage="0% (0/2)">
              <conditions>
                <condition number="719" type="jump" coverage="0%" />
              </conditions>
            </line>
            <line number="183" hits="0" branch="False" />
            <line number="186" hits="0" branch="True" condition-coverage="0% (0/6)">
              <conditions>
                <condition number="783" type="jump" coverage="0%" />
                <condition number="821" type="jump" coverage="0%" />
                <condition number="881" type="jump" coverage="0%" />
              </conditions>
            </line>
            <line number="187" hits="0" branch="False" />
            <line number="188" hits="0" branch="False" />
            <line number="189" hits="0" branch="False" />
            <line number="190" hits="0" branch="False" />
            <line number="197" hits="0" branch="False" />
            <line number="198" hits="0" branch="False" />
            <line number="199" hits="0" branch="False" />
            <line number="200" hits="0" branch="False" />
            <line number="201" hits="0" branch="False" />
            <line number="202" hits="0" branch="False" />
            <line number="203" hits="0" branch="False" />
            <line number="204" hits="0" branch="False" />
            <line number="205" hits="0" branch="False" />
            <line number="207" hits="0" branch="True" condition-coverage="0% (0/2)">
              <conditions>
                <condition number="952" type="jump" coverage="0%" />
              </conditions>
            </line>
            <line number="208" hits="0" branch="False" />
            <line number="210" hits="0" branch="False" />
            <line number="212" hits="0" branch="True" condition-coverage="0% (0/2)">
              <conditions>
                <condition number="1000" type="jump" coverage="0%" />
              </conditions>
            </line>
            <line number="213" hits="0" branch="False" />
            <line number="215" hits="0" branch="False" />
            <line number="217" hits="0" branch="True" condition-coverage="0% (0/2)">
              <conditions>
                <condition number="1067" type="jump" coverage="0%" />
              </conditions>
            </line>
            <line number="218" hits="0" branch="False" />
            <line number="220" hits="0" branch="False" />
          </lines>
        </class>
        <class name="GigRaptorService.Services.PlacesSearchTextResponse" filename="Services\GooglePlacesService.cs" line-rate="0" branch-rate="1" complexity="1">
          <methods>
            <method name="get_Places" signature="()" line-rate="0" branch-rate="1" complexity="1">
              <lines>
                <line number="228" hits="0" branch="False" />
              </lines>
            </method>
          </methods>
          <lines>
            <line number="228" hits="0" branch="False" />
          </lines>
        </class>
        <class name="GigRaptorService.Services.PlaceResult" filename="Services\GooglePlacesService.cs" line-rate="0" branch-rate="1" complexity="4">
          <methods>
            <method name="get_Id" signature="()" line-rate="0" branch-rate="1" complexity="1">
              <lines>
                <line number="234" hits="0" branch="False" />
              </lines>
            </method>
            <method name="get_DisplayName" signature="()" line-rate="0" branch-rate="1" complexity="1">
              <lines>
                <line number="237" hits="0" branch="False" />
              </lines>
            </method>
            <method name="get_FormattedAddress" signature="()" line-rate="0" branch-rate="1" complexity="1">
              <lines>
                <line number="240" hits="0" branch="False" />
              </lines>
            </method>
            <method name="get_Types" signature="()" line-rate="0" branch-rate="1" complexity="1">
              <lines>
                <line number="243" hits="0" branch="False" />
              </lines>
            </method>
          </methods>
          <lines>
            <line number="234" hits="0" branch="False" />
            <line number="237" hits="0" branch="False" />
            <line number="240" hits="0" branch="False" />
            <line number="243" hits="0" branch="False" />
          </lines>
        </class>
        <class name="GigRaptorService.Services.PlaceDetailsResult" filename="Services\GooglePlacesService.cs" line-rate="0" branch-rate="1" complexity="5">
          <methods>
            <method name="get_Id" signature="()" line-rate="0" branch-rate="1" complexity="1">
              <lines>
                <line number="249" hits="0" branch="False" />
              </lines>
            </method>
            <method name="get_DisplayName" signature="()" line-rate="0" branch-rate="1" complexity="1">
              <lines>
                <line number="252" hits="0" branch="False" />
              </lines>
            </method>
            <method name="get_FormattedAddress" signature="()" line-rate="0" branch-rate="1" complexity="1">
              <lines>
                <line number="255" hits="0" branch="False" />
              </lines>
            </method>
            <method name="get_AddressComponents" signature="()" line-rate="0" branch-rate="1" complexity="1">
              <lines>
                <line number="258" hits="0" branch="False" />
              </lines>
            </method>
            <method name="get_Location" signature="()" line-rate="0" branch-rate="1" complexity="1">
              <lines>
                <line number="261" hits="0" branch="False" />
              </lines>
            </method>
          </methods>
          <lines>
            <line number="249" hits="0" branch="False" />
            <line number="252" hits="0" branch="False" />
            <line number="255" hits="0" branch="False" />
            <line number="258" hits="0" branch="False" />
            <line number="261" hits="0" branch="False" />
          </lines>
        </class>
        <class name="GigRaptorService.Services.LocalizedText" filename="Services\GooglePlacesService.cs" line-rate="0" branch-rate="1" complexity="2">
          <methods>
            <method name="get_Text" signature="()" line-rate="0" branch-rate="1" complexity="1">
              <lines>
                <line number="267" hits="0" branch="False" />
              </lines>
            </method>
            <method name="get_LanguageCode" signature="()" line-rate="0" branch-rate="1" complexity="1">
              <lines>
                <line number="270" hits="0" branch="False" />
              </lines>
            </method>
          </methods>
          <lines>
            <line number="267" hits="0" branch="False" />
            <line number="270" hits="0" branch="False" />
          </lines>
        </class>
        <class name="GigRaptorService.Services.AddressComponent" filename="Services\GooglePlacesService.cs" line-rate="0" branch-rate="1" complexity="3">
          <methods>
            <method name="get_LongText" signature="()" line-rate="0" branch-rate="1" complexity="1">
              <lines>
                <line number="276" hits="0" branch="False" />
              </lines>
            </method>
            <method name="get_ShortText" signature="()" line-rate="0" branch-rate="1" complexity="1">
              <lines>
                <line number="279" hits="0" branch="False" />
              </lines>
            </method>
            <method name="get_Types" signature="()" line-rate="0" branch-rate="1" complexity="1">
              <lines>
                <line number="282" hits="0" branch="False" />
              </lines>
            </method>
          </methods>
          <lines>
            <line number="276" hits="0" branch="False" />
            <line number="279" hits="0" branch="False" />
            <line number="282" hits="0" branch="False" />
          </lines>
        </class>
        <class name="GigRaptorService.Services.LatLngLiteral" filename="Services\GooglePlacesService.cs" line-rate="0" branch-rate="1" complexity="2">
          <methods>
            <method name="get_Latitude" signature="()" line-rate="0" branch-rate="1" complexity="1">
              <lines>
                <line number="288" hits="0" branch="False" />
              </lines>
            </method>
            <method name="get_Longitude" signature="()" line-rate="0" branch-rate="1" complexity="1">
              <lines>
                <line number="291" hits="0" branch="False" />
              </lines>
            </method>
          </methods>
          <lines>
            <line number="288" hits="0" branch="False" />
            <line number="291" hits="0" branch="False" />
          </lines>
        </class>
        <class name="GigRaptorService.Services.MetricsService" filename="Services\MetricsService.cs" line-rate="0" branch-rate="0" complexity="16">
          <methods>
            <method name="GetStandardUnit" signature="(System.String)" line-rate="0" branch-rate="0" complexity="12">
              <lines>
                <line number="148" hits="0" branch="True" condition-coverage="0% (0/12)">
                  <conditions>
                    <condition number="18" type="jump" coverage="0%" />
                    <condition number="31" type="jump" coverage="0%" />
                    <condition number="44" type="jump" coverage="0%" />
                    <condition number="57" type="jump" coverage="0%" />
                    <condition number="70" type="jump" coverage="0%" />
                    <condition number="83" type="jump" coverage="0%" />
                  </conditions>
                </line>
                <line number="149" hits="0" branch="False" />
                <line number="150" hits="0" branch="False" />
                <line number="151" hits="0" branch="False" />
                <line number="152" hits="0" branch="False" />
                <line number="153" hits="0" branch="False" />
                <line number="154" hits="0" branch="False" />
                <line number="155" hits="0" branch="False" />
                <line number="156" hits="0" branch="False" />
                <line number="157" hits="0" branch="False" />
              </lines>
            </method>
            <method name="HashUserId" signature="(System.String)" line-rate="0" branch-rate="1" complexity="1">
              <lines>
                <line number="162" hits="0" branch="False" />
              </lines>
            </method>
            <method name="SanitizeMetricName" signature="(System.String)" line-rate="0" branch-rate="0" complexity="2">
              <lines>
                <line number="167" hits="0" branch="True" condition-coverage="0% (0/2)">
                  <conditions>
                    <condition number="6" type="jump" coverage="0%" />
                  </conditions>
                </line>
                <line number="171" hits="0" branch="False" />
                <line number="172" hits="0" branch="False" />
                <line number="173" hits="0" branch="False" />
                <line number="174" hits="0" branch="False" />
              </lines>
            </method>
            <method name=".ctor" signature="(Amazon.CloudWatch.IAmazonCloudWatch,Microsoft.Extensions.Logging.ILogger`1&lt;GigRaptorService.Services.MetricsService&gt;)" line-rate="0" branch-rate="1" complexity="1">
              <lines>
                <line number="14" hits="0" branch="False" />
                <line number="16" hits="0" branch="False" />
                <line number="17" hits="0" branch="False" />
                <line number="18" hits="0" branch="False" />
              </lines>
            </method>
          </methods>
          <lines>
            <line number="148" hits="0" branch="True" condition-coverage="0% (0/12)">
              <conditions>
                <condition number="18" type="jump" coverage="0%" />
                <condition number="31" type="jump" coverage="0%" />
                <condition number="44" type="jump" coverage="0%" />
                <condition number="57" type="jump" coverage="0%" />
                <condition number="70" type="jump" coverage="0%" />
                <condition number="83" type="jump" coverage="0%" />
              </conditions>
            </line>
            <line number="149" hits="0" branch="False" />
            <line number="150" hits="0" branch="False" />
            <line number="151" hits="0" branch="False" />
            <line number="152" hits="0" branch="False" />
            <line number="153" hits="0" branch="False" />
            <line number="154" hits="0" branch="False" />
            <line number="155" hits="0" branch="False" />
            <line number="156" hits="0" branch="False" />
            <line number="157" hits="0" branch="False" />
            <line number="162" hits="0" branch="False" />
            <line number="167" hits="0" branch="True" condition-coverage="0% (0/2)">
              <conditions>
                <condition number="6" type="jump" coverage="0%" />
              </conditions>
            </line>
            <line number="171" hits="0" branch="False" />
            <line number="172" hits="0" branch="False" />
            <line number="173" hits="0" branch="False" />
            <line number="174" hits="0" branch="False" />
            <line number="14" hits="0" branch="False" />
            <line number="16" hits="0" branch="False" />
            <line number="17" hits="0" branch="False" />
            <line number="18" hits="0" branch="False" />
          </lines>
        </class>
        <class name="GigRaptorService.Services.MetricsService/&lt;TrackApiCallAsync&gt;d__5" filename="Services\MetricsService.cs" line-rate="0" branch-rate="0" complexity="2">
          <methods>
            <method name="MoveNext" signature="()" line-rate="0" branch-rate="0" complexity="2">
              <lines>
                <line number="53" hits="0" branch="True" condition-coverage="0% (0/2)">
                  <conditions>
                    <condition number="88" type="jump" coverage="0%" />
                  </conditions>
                </line>
                <line number="54" hits="0" branch="False" />
                <line number="55" hits="0" branch="False" />
                <line number="56" hits="0" branch="False" />
                <line number="57" hits="0" branch="False" />
                <line number="58" hits="0" branch="False" />
                <line number="59" hits="0" branch="False" />
                <line number="61" hits="0" branch="False" />
                <line number="62" hits="0" branch="False" />
              </lines>
            </method>
          </methods>
          <lines>
            <line number="53" hits="0" branch="True" condition-coverage="0% (0/2)">
              <conditions>
                <condition number="88" type="jump" coverage="0%" />
              </conditions>
            </line>
            <line number="54" hits="0" branch="False" />
            <line number="55" hits="0" branch="False" />
            <line number="56" hits="0" branch="False" />
            <line number="57" hits="0" branch="False" />
            <line number="58" hits="0" branch="False" />
            <line number="59" hits="0" branch="False" />
            <line number="61" hits="0" branch="False" />
            <line number="62" hits="0" branch="False" />
          </lines>
        </class>
        <class name="GigRaptorService.Services.MetricsService/&lt;TrackAuthenticationAsync&gt;d__9" filename="Services\MetricsService.cs" line-rate="0" branch-rate="0" complexity="2">
          <methods>
            <method name="MoveNext" signature="()" line-rate="0" branch-rate="0" complexity="2">
              <lines>
                <line number="113" hits="0" branch="True" condition-coverage="0% (0/2)">
                  <conditions>
                    <condition number="38" type="jump" coverage="0%" />
                  </conditions>
                </line>
                <line number="114" hits="0" branch="False" />
                <line number="115" hits="0" branch="False" />
                <line number="116" hits="0" branch="False" />
                <line number="117" hits="0" branch="False" />
                <line number="119" hits="0" branch="False" />
                <line number="120" hits="0" branch="False" />
              </lines>
            </method>
          </methods>
          <lines>
            <line number="113" hits="0" branch="True" condition-coverage="0% (0/2)">
              <conditions>
                <condition number="38" type="jump" coverage="0%" />
              </conditions>
            </line>
            <line number="114" hits="0" branch="False" />
            <line number="115" hits="0" branch="False" />
            <line number="116" hits="0" branch="False" />
            <line number="117" hits="0" branch="False" />
            <line number="119" hits="0" branch="False" />
            <line number="120" hits="0" branch="False" />
          </lines>
        </class>
        <class name="GigRaptorService.Services.MetricsService/&lt;TrackCustomMetricAsync&gt;d__4" filename="Services\MetricsService.cs" line-rate="0" branch-rate="1" complexity="1">
          <methods>
            <method name="MoveNext" signature="()" line-rate="0" branch-rate="1" complexity="1">
              <lines>
                <line number="25" hits="0" branch="False" />
                <line number="27" hits="0" branch="False" />
                <line number="28" hits="0" branch="False" />
                <line number="29" hits="0" branch="False" />
                <line number="30" hits="0" branch="False" />
                <line number="31" hits="0" branch="False" />
                <line number="32" hits="0" branch="False" />
                <line number="33" hits="0" branch="False" />
                <line number="34" hits="0" branch="False" />
                <line number="35" hits="0" branch="False" />
                <line number="36" hits="0" branch="False" />
                <line number="37" hits="0" branch="False" />
                <line number="38" hits="0" branch="False" />
                <line number="39" hits="0" branch="False" />
                <line number="40" hits="0" branch="False" />
                <line number="42" hits="0" branch="False" />
                <line number="43" hits="0" branch="False" />
                <line number="44" hits="0" branch="False" />
                <line number="45" hits="0" branch="False" />
                <line number="47" hits="0" branch="False" />
                <line number="48" hits="0" branch="False" />
                <line number="49" hits="0" branch="False" />
              </lines>
            </method>
          </methods>
          <lines>
            <line number="25" hits="0" branch="False" />
            <line number="27" hits="0" branch="False" />
            <line number="28" hits="0" branch="False" />
            <line number="29" hits="0" branch="False" />
            <line number="30" hits="0" branch="False" />
            <line number="31" hits="0" branch="False" />
            <line number="32" hits="0" branch="False" />
            <line number="33" hits="0" branch="False" />
            <line number="34" hits="0" branch="False" />
            <line number="35" hits="0" branch="False" />
            <line number="36" hits="0" branch="False" />
            <line number="37" hits="0" branch="False" />
            <line number="38" hits="0" branch="False" />
            <line number="39" hits="0" branch="False" />
            <line number="40" hits="0" branch="False" />
            <line number="42" hits="0" branch="False" />
            <line number="43" hits="0" branch="False" />
            <line number="44" hits="0" branch="False" />
            <line number="45" hits="0" branch="False" />
            <line number="47" hits="0" branch="False" />
            <line number="48" hits="0" branch="False" />
            <line number="49" hits="0" branch="False" />
          </lines>
        </class>
        <class name="GigRaptorService.Services.MetricsService/&lt;TrackErrorAsync&gt;d__11" filename="Services\MetricsService.cs" line-rate="0" branch-rate="0" complexity="2">
          <methods>
            <method name="MoveNext" signature="()" line-rate="0" branch-rate="0" complexity="2">
              <lines>
                <line number="132" hits="0" branch="False" />
                <line number="133" hits="0" branch="False" />
                <line number="134" hits="0" branch="False" />
                <line number="135" hits="0" branch="False" />
                <line number="136" hits="0" branch="False" />
                <line number="138" hits="0" branch="True" condition-coverage="0% (0/2)">
                  <conditions>
                    <condition number="110" type="jump" coverage="0%" />
                  </conditions>
                </line>
                <line number="140" hits="0" branch="False" />
                <line number="143" hits="0" branch="False" />
                <line number="144" hits="0" branch="False" />
              </lines>
            </method>
          </methods>
          <lines>
            <line number="132" hits="0" branch="False" />
            <line number="133" hits="0" branch="False" />
            <line number="134" hits="0" branch="False" />
            <line number="135" hits="0" branch="False" />
            <line number="136" hits="0" branch="False" />
            <line number="138" hits="0" branch="True" condition-coverage="0% (0/2)">
              <conditions>
                <condition number="110" type="jump" coverage="0%" />
              </conditions>
            </line>
            <line number="140" hits="0" branch="False" />
            <line number="143" hits="0" branch="False" />
            <line number="144" hits="0" branch="False" />
          </lines>
        </class>
        <class name="GigRaptorService.Services.MetricsService/&lt;TrackHealthCheckAsync&gt;d__7" filename="Services\MetricsService.cs" line-rate="0" branch-rate="0" complexity="2">
          <methods>
            <method name="MoveNext" signature="()" line-rate="0" branch-rate="0" complexity="2">
              <lines>
                <line number="78" hits="0" branch="True" condition-coverage="0% (0/2)">
                  <conditions>
                    <condition number="98" type="jump" coverage="0%" />
                  </conditions>
                </line>
                <line number="79" hits="0" branch="False" />
                <line number="80" hits="0" branch="False" />
                <line number="81" hits="0" branch="False" />
                <line number="82" hits="0" branch="False" />
                <line number="83" hits="0" branch="False" />
                <line number="85" hits="0" branch="False" />
                <line number="86" hits="0" branch="False" />
              </lines>
            </method>
          </methods>
          <lines>
            <line number="78" hits="0" branch="True" condition-coverage="0% (0/2)">
              <conditions>
                <condition number="98" type="jump" coverage="0%" />
              </conditions>
            </line>
            <line number="79" hits="0" branch="False" />
            <line number="80" hits="0" branch="False" />
            <line number="81" hits="0" branch="False" />
            <line number="82" hits="0" branch="False" />
            <line number="83" hits="0" branch="False" />
            <line number="85" hits="0" branch="False" />
            <line number="86" hits="0" branch="False" />
          </lines>
        </class>
        <class name="GigRaptorService.Services.MetricsService/&lt;TrackRateLimitHitAsync&gt;d__10" filename="Services\MetricsService.cs" line-rate="0" branch-rate="1" complexity="1">
          <methods>
            <method name="MoveNext" signature="()" line-rate="0" branch-rate="1" complexity="1">
              <lines>
                <line number="124" hits="0" branch="False" />
                <line number="126" hits="0" branch="False" />
                <line number="127" hits="0" branch="False" />
                <line number="128" hits="0" branch="False" />
              </lines>
            </method>
          </methods>
          <lines>
            <line number="124" hits="0" branch="False" />
            <line number="126" hits="0" branch="False" />
            <line number="127" hits="0" branch="False" />
            <line number="128" hits="0" branch="False" />
          </lines>
        </class>
        <class name="GigRaptorService.Services.MetricsService/&lt;TrackSheetsOperationAsync&gt;d__6" filename="Services\MetricsService.cs" line-rate="0" branch-rate="0" complexity="2">
          <methods>
            <method name="MoveNext" signature="()" line-rate="0" branch-rate="0" complexity="2">
              <lines>
                <line number="66" hits="0" branch="True" condition-coverage="0% (0/2)">
                  <conditions>
                    <condition number="98" type="jump" coverage="0%" />
                  </conditions>
                </line>
                <line number="67" hits="0" branch="False" />
                <line number="68" hits="0" branch="False" />
                <line number="69" hits="0" branch="False" />
                <line number="70" hits="0" branch="False" />
                <line number="71" hits="0" branch="False" />
                <line number="73" hits="0" branch="False" />
                <line number="74" hits="0" branch="False" />
              </lines>
            </method>
          </methods>
          <lines>
            <line number="66" hits="0" branch="True" condition-coverage="0% (0/2)">
              <conditions>
                <condition number="98" type="jump" coverage="0%" />
              </conditions>
            </line>
            <line number="67" hits="0" branch="False" />
            <line number="68" hits="0" branch="False" />
            <line number="69" hits="0" branch="False" />
            <line number="70" hits="0" branch="False" />
[...]
                <line number="148" hits="0" branch="False" />
                <line number="152" hits="0" branch="False" />
                <line number="153" hits="0" branch="False" />
                <line number="154" hits="0" branch="False" />
                <line number="155" hits="0" branch="False" />
                <line number="156" hits="0" branch="False" />
                <line number="157" hits="0" branch="False" />
                <line number="158" hits="0" branch="False" />
                <line number="159" hits="0" branch="False" />
                <line number="160" hits="0" branch="False" />
                <line number="161" hits="0" branch="False" />
                <line number="164" hits="0" branch="False" />
                <line number="169" hits="0" branch="False" />
                <line number="170" hits="0" branch="False" />
                <line number="171" hits="0" branch="False" />
                <line number="175" hits="0" branch="False" />
                <line number="176" hits="0" branch="True" condition-coverage="0% (0/2)">
                  <conditions>
                    <condition number="1676" type="jump" coverage="0%" />
                  </conditions>
                </line>
                <line number="182" hits="0" branch="False" />
                <line number="183" hits="0" branch="False" />
              </lines>
            </method>
          </methods>
          <lines>
            <line number="43" hits="0" branch="False" />
            <line number="44" hits="0" branch="False" />
            <line number="45" hits="0" branch="False" />
            <line number="48" hits="0" branch="True" condition-coverage="0% (0/2)">
              <conditions>
                <condition number="189" type="jump" coverage="0%" />
              </conditions>
            </line>
            <line number="50" hits="0" branch="False" />
            <line number="51" hits="0" branch="False" />
            <line number="52" hits="0" branch="False" />
            <line number="56" hits="0" branch="False" />
            <line number="58" hits="0" branch="True" condition-coverage="0% (0/2)">
              <conditions>
                <condition number="393" type="jump" coverage="0%" />
              </conditions>
            </line>
            <line number="61" hits="0" branch="False" />
            <line number="62" hits="0" branch="False" />
            <line number="63" hits="0" branch="False" />
            <line number="66" hits="0" branch="False" />
            <line number="69" hits="0" branch="True" condition-coverage="0% (0/4)">
              <conditions>
                <condition number="445" type="jump" coverage="0%" />
                <condition number="456" type="jump" coverage="0%" />
              </conditions>
            </line>
            <line number="71" hits="0" branch="False" />
            <line number="72" hits="0" branch="False" />
            <line number="73" hits="0" branch="True" condition-coverage="0% (0/2)">
              <conditions>
                <condition number="568" type="jump" coverage="0%" />
              </conditions>
            </line>
            <line number="75" hits="0" branch="False" />
            <line number="76" hits="0" branch="False" />
            <line number="77" hits="0" branch="False" />
            <line number="81" hits="0" branch="False" />
            <line number="86" hits="0" branch="True" condition-coverage="0% (0/4)">
              <conditions>
                <condition number="616" type="jump" coverage="0%" />
                <condition number="627" type="jump" coverage="0%" />
              </conditions>
            </line>
            <line number="89" hits="0" branch="False" />
            <line number="90" hits="0" branch="False" />
            <line number="91" hits="0" branch="False" />
            <line number="93" hits="0" branch="True" condition-coverage="0% (0/2)">
              <conditions>
                <condition number="767" type="jump" coverage="0%" />
              </conditions>
            </line>
            <line number="95" hits="0" branch="False" />
            <line number="96" hits="0" branch="False" />
            <line number="97" hits="0" branch="False" />
            <line number="101" hits="0" branch="False" />
            <line number="106" hits="0" branch="True" condition-coverage="0% (0/4)">
              <conditions>
                <condition number="816" type="jump" coverage="0%" />
                <condition number="828" type="jump" coverage="0%" />
              </conditions>
            </line>
            <line number="109" hits="0" branch="False" />
            <line number="110" hits="0" branch="False" />
            <line number="111" hits="0" branch="False" />
            <line number="113" hits="0" branch="True" condition-coverage="0% (0/2)">
              <conditions>
                <condition number="971" type="jump" coverage="0%" />
              </conditions>
            </line>
            <line number="115" hits="0" branch="False" />
            <line number="116" hits="0" branch="False" />
            <line number="117" hits="0" branch="False" />
            <line number="121" hits="0" branch="False" />
            <line number="126" hits="0" branch="True" condition-coverage="0% (0/2)">
              <conditions>
                <condition number="1020" type="jump" coverage="0%" />
              </conditions>
            </line>
            <line number="129" hits="0" branch="True" condition-coverage="0% (0/4)">
              <conditions>
                <condition number="1027" type="jump" coverage="0%" />
                <condition number="1039" type="jump" coverage="0%" />
              </conditions>
            </line>
            <line number="131" hits="0" branch="False" />
            <line number="132" hits="0" branch="False" />
            <line number="133" hits="0" branch="False" />
            <line number="136" hits="0" branch="True" condition-coverage="0% (0/4)">
              <conditions>
                <condition number="1158" type="jump" coverage="0%" />
                <condition number="1192" type="jump" coverage="0%" />
              </conditions>
            </line>
            <line number="139" hits="0" branch="False" />
            <line number="140" hits="0" branch="True" condition-coverage="0% (0/4)">
              <conditions>
                <condition number="1213" type="jump" coverage="0%" />
                <condition number="1223" type="jump" coverage="0%" />
              </conditions>
            </line>
            <line number="143" hits="0" branch="False" />
            <line number="145" hits="0" branch="True" condition-coverage="0% (0/2)">
              <conditions>
                <condition number="1276" type="jump" coverage="0%" />
              </conditions>
            </line>
            <line number="148" hits="0" branch="False" />
            <line number="152" hits="0" branch="False" />
            <line number="153" hits="0" branch="False" />
            <line number="154" hits="0" branch="False" />
            <line number="155" hits="0" branch="False" />
            <line number="156" hits="0" branch="False" />
            <line number="157" hits="0" branch="False" />
            <line number="158" hits="0" branch="False" />
            <line number="159" hits="0" branch="False" />
            <line number="160" hits="0" branch="False" />
            <line number="161" hits="0" branch="False" />
            <line number="164" hits="0" branch="False" />
            <line number="169" hits="0" branch="False" />
            <line number="170" hits="0" branch="False" />
            <line number="171" hits="0" branch="False" />
            <line number="175" hits="0" branch="False" />
            <line number="176" hits="0" branch="True" condition-coverage="0% (0/2)">
              <conditions>
                <condition number="1676" type="jump" coverage="0%" />
              </conditions>
            </line>
            <line number="182" hits="0" branch="False" />
            <line number="183" hits="0" branch="False" />
          </lines>
        </class>
        <class name="GigRaptorService.Attributes.RequireSheetIdAttribute" filename="Attributes\RequireSheetIdAttribute.cs" line-rate="1" branch-rate="1" complexity="1">
          <methods>
            <method name=".ctor" signature="()" line-rate="1" branch-rate="1" complexity="1">
              <lines>
                <line number="8" hits="14" branch="False" />
                <line number="10" hits="14" branch="False" />
              </lines>
            </method>
          </methods>
          <lines>
            <line number="8" hits="14" branch="False" />
            <line number="10" hits="14" branch="False" />
          </lines>
        </class>
        <class name="GigRaptorService.Attributes.TrackMetricsAttribute" filename="Attributes\TrackMetricsAttribute.cs" line-rate="0.07690000000000001" branch-rate="0" complexity="30">
          <methods>
            <method name="OnActionExecuting" signature="(Microsoft.AspNetCore.Mvc.Filters.ActionExecutingContext)" line-rate="0" branch-rate="1" complexity="1">
              <lines>
                <line number="23" hits="0" branch="False" />
                <line number="24" hits="0" branch="False" />
                <line number="25" hits="0" branch="False" />
                <line number="27" hits="0" branch="False" />
                <line number="28" hits="0" branch="False" />
              </lines>
            </method>
            <method name="OnActionExecuted" signature="(Microsoft.AspNetCore.Mvc.Filters.ActionExecutedContext)" line-rate="0" branch-rate="0" complexity="6">
              <lines>
                <line number="32" hits="0" branch="False" />
                <line number="33" hits="0" branch="True" condition-coverage="0% (0/2)">
                  <conditions>
                    <condition number="65" type="jump" coverage="0%" />
                  </conditions>
                </line>
                <line number="34" hits="0" branch="True" condition-coverage="0% (0/2)">
                  <conditions>
                    <condition number="97" type="jump" coverage="0%" />
                  </conditions>
                </line>
                <line number="36" hits="0" branch="True" condition-coverage="0% (0/2)">
                  <conditions>
                    <condition number="142" type="jump" coverage="0%" />
                  </conditions>
                </line>
                <line number="39" hits="0" branch="False" />
                <line number="40" hits="0" branch="False" />
                <line number="41" hits="0" branch="False" />
                <line number="42" hits="0" branch="False" />
                <line number="43" hits="0" branch="False" />
                <line number="44" hits="0" branch="False" />
                <line number="45" hits="0" branch="False" />
                <line number="46" hits="0" branch="False" />
                <line number="47" hits="0" branch="False" />
                <line number="48" hits="0" branch="False" />
                <line number="49" hits="0" branch="False" />
                <line number="50" hits="0" branch="False" />
                <line number="51" hits="0" branch="False" />
                <line number="52" hits="0" branch="False" />
                <line number="53" hits="0" branch="False" />
                <line number="54" hits="0" branch="False" />
                <line number="55" hits="0" branch="False" />
                <line number="56" hits="0" branch="False" />
                <line number="57" hits="0" branch="False" />
                <line number="58" hits="0" branch="False" />
                <line number="59" hits="0" branch="False" />
                <line number="60" hits="0" branch="False" />
                <line number="61" hits="0" branch="False" />
                <line number="62" hits="0" branch="False" />
                <line number="63" hits="0" branch="False" />
                <line number="64" hits="0" branch="False" />
                <line number="65" hits="0" branch="False" />
                <line number="66" hits="0" branch="False" />
                <line number="67" hits="0" branch="False" />
                <line number="68" hits="0" branch="False" />
                <line number="69" hits="0" branch="False" />
                <line number="71" hits="0" branch="False" />
                <line number="72" hits="0" branch="False" />
              </lines>
            </method>
            <method name="GenerateEndpointName" signature="(Microsoft.AspNetCore.Mvc.Filters.ActionExecutedContext)" line-rate="0" branch-rate="0" complexity="12">
              <lines>
                <line number="76" hits="0" branch="True" condition-coverage="0% (0/6)">
                  <conditions>
                    <condition number="22" type="jump" coverage="0%" />
                    <condition number="34" type="jump" coverage="0%" />
                    <condition number="46" type="jump" coverage="0%" />
                  </conditions>
                </line>
                <line number="77" hits="0" branch="True" condition-coverage="0% (0/6)">
                  <conditions>
                    <condition number="77" type="jump" coverage="0%" />
                    <condition number="89" type="jump" coverage="0%" />
                    <condition number="101" type="jump" coverage="0%" />
                  </conditions>
                </line>
                <line number="79" hits="0" branch="False" />
              </lines>
            </method>
            <method name="GetUserId" signature="(Microsoft.AspNetCore.Http.HttpContext)" line-rate="0" branch-rate="0" complexity="10">
              <lines>
                <line number="85" hits="0" branch="True" condition-coverage="0% (0/10)">
                  <conditions>
                    <condition number="17" type="jump" coverage="0%" />
                    <condition number="29" type="jump" coverage="0%" />
                    <condition number="64" type="jump" coverage="0%" />
                    <condition number="74" type="jump" coverage="0%" />
                    <condition number="85" type="jump" coverage="0%" />
                  </conditions>
                </line>
                <line number="86" hits="0" branch="False" />
                <line number="87" hits="0" branch="False" />
              </lines>
            </method>
            <method name=".ctor" signature="(System.String,System.Boolean)" line-rate="1" branch-rate="1" complexity="1">
              <lines>
                <line number="15" hits="30" branch="False" />
                <line number="17" hits="30" branch="False" />
                <line number="18" hits="30" branch="False" />
                <line number="19" hits="30" branch="False" />
              </lines>
            </method>
          </methods>
          <lines>
            <line number="23" hits="0" branch="False" />
            <line number="24" hits="0" branch="False" />
            <line number="25" hits="0" branch="False" />
            <line number="27" hits="0" branch="False" />
            <line number="28" hits="0" branch="False" />
            <line number="32" hits="0" branch="False" />
            <line number="33" hits="0" branch="True" condition-coverage="0% (0/2)">
              <conditions>
                <condition number="65" type="jump" coverage="0%" />
              </conditions>
            </line>
            <line number="34" hits="0" branch="True" condition-coverage="0% (0/2)">
              <conditions>
                <condition number="97" type="jump" coverage="0%" />
              </conditions>
            </line>
            <line number="36" hits="0" branch="True" condition-coverage="0% (0/2)">
              <conditions>
                <condition number="142" type="jump" coverage="0%" />
              </conditions>
            </line>
            <line number="39" hits="0" branch="False" />
            <line number="40" hits="0" branch="False" />
            <line number="41" hits="0" branch="False" />
            <line number="42" hits="0" branch="False" />
            <line number="43" hits="0" branch="False" />
            <line number="44" hits="0" branch="False" />
            <line number="45" hits="0" branch="False" />
            <line number="46" hits="0" branch="False" />
            <line number="47" hits="0" branch="False" />
            <line number="48" hits="0" branch="False" />
            <line number="49" hits="0" branch="False" />
            <line number="50" hits="0" branch="False" />
            <line number="51" hits="0" branch="False" />
            <line number="52" hits="0" branch="False" />
            <line number="53" hits="0" branch="False" />
            <line number="54" hits="0" branch="False" />
            <line number="55" hits="0" branch="False" />
            <line number="56" hits="0" branch="False" />
            <line number="57" hits="0" branch="False" />
            <line number="58" hits="0" branch="False" />
            <line number="59" hits="0" branch="False" />
            <line number="60" hits="0" branch="False" />
            <line number="61" hits="0" branch="False" />
            <line number="62" hits="0" branch="False" />
            <line number="63" hits="0" branch="False" />
            <line number="64" hits="0" branch="False" />
            <line number="65" hits="0" branch="False" />
            <line number="66" hits="0" branch="False" />
            <line number="67" hits="0" branch="False" />
            <line number="68" hits="0" branch="False" />
            <line number="69" hits="0" branch="False" />
            <line number="71" hits="0" branch="False" />
            <line number="72" hits="0" branch="False" />
            <line number="76" hits="0" branch="True" condition-coverage="0% (0/6)">
              <conditions>
                <condition number="22" type="jump" coverage="0%" />
                <condition number="34" type="jump" coverage="0%" />
                <condition number="46" type="jump" coverage="0%" />
              </conditions>
            </line>
            <line number="77" hits="0" branch="True" condition-coverage="0% (0/6)">
              <conditions>
                <condition number="77" type="jump" coverage="0%" />
                <condition number="89" type="jump" coverage="0%" />
                <condition number="101" type="jump" coverage="0%" />
              </conditions>
            </line>
            <line number="79" hits="0" branch="False" />
            <line number="85" hits="0" branch="True" condition-coverage="0% (0/10)">
              <conditions>
                <condition number="17" type="jump" coverage="0%" />
                <condition number="29" type="jump" coverage="0%" />
                <condition number="64" type="jump" coverage="0%" />
                <condition number="74" type="jump" coverage="0%" />
                <condition number="85" type="jump" coverage="0%" />
              </conditions>
            </line>
            <line number="86" hits="0" branch="False" />
            <line number="87" hits="0" branch="False" />
            <line number="15" hits="30" branch="False" />
            <line number="17" hits="30" branch="False" />
            <line number="18" hits="30" branch="False" />
            <line number="19" hits="30" branch="False" />
          </lines>
        </class>
        <class name="GigRaptorService.Attributes.TrackMetricsAttribute/&lt;&gt;c__DisplayClass4_0/&lt;&lt;OnActionExecuted&gt;b__0&gt;d" filename="Attributes\TrackMetricsAttribute.cs" line-rate="1" branch-rate="0" complexity="12">
          <methods />
          <lines />
        </class>
      </classes>
    </package>
  </packages>
</coverage>